2024-04-21 13:05:32.676  INFO 2176 --- [restartedMain] com.skoti.learning.SbLoggingApplication  : Starting SbLoggingApplication using Java 1.8.0_291 on LAPTOP-QRMFEKSG with PID 2176 (S:\sk_workspace\2024_learning\2024\SpringBoot\SB_Logging\target\classes started by VedAryan in S:\sk_workspace\2024_learning\2024\SpringBoot\SB_Logging)
2024-04-21 13:05:32.678  INFO 2176 --- [restartedMain] com.skoti.learning.SbLoggingApplication  : The following 1 profile is active: "default"
2024-04-21 13:05:32.736  INFO 2176 --- [restartedMain] .e.DevToolsPropertyDefaultsPostProcessor : Devtools property defaults active! Set 'spring.devtools.add-properties' to 'false' to disable
2024-04-21 13:05:32.737  INFO 2176 --- [restartedMain] .e.DevToolsPropertyDefaultsPostProcessor : For additional web related logging consider setting the 'logging.level.web' property to 'DEBUG'
2024-04-21 13:05:34.005  INFO 2176 --- [restartedMain] o.s.b.w.embedded.tomcat.TomcatWebServer  : Tomcat initialized with port(s): 8080 (http)
2024-04-21 13:05:34.021  INFO 2176 --- [restartedMain] o.apache.catalina.core.StandardService   : Starting service [Tomcat]
2024-04-21 13:05:34.021  INFO 2176 --- [restartedMain] org.apache.catalina.core.StandardEngine  : Starting Servlet engine: [Apache Tomcat/9.0.64]
2024-04-21 13:05:34.085  INFO 2176 --- [restartedMain] o.a.c.c.C.[Tomcat].[localhost].[/]       : Initializing Spring embedded WebApplicationContext
2024-04-21 13:05:34.085  INFO 2176 --- [restartedMain] w.s.c.ServletWebServerApplicationContext : Root WebApplicationContext: initialization completed in 1348 ms
2024-04-21 13:05:34.430  INFO 2176 --- [restartedMain] o.s.b.d.a.OptionalLiveReloadServer       : LiveReload server is running on port 35729
2024-04-21 13:05:34.456  INFO 2176 --- [restartedMain] o.s.b.w.embedded.tomcat.TomcatWebServer  : Tomcat started on port(s): 8080 (http) with context path ''
2024-04-21 13:05:34.464  INFO 2176 --- [restartedMain] com.skoti.learning.SbLoggingApplication  : Started SbLoggingApplication in 2.208 seconds (JVM running for 2.633)
2024-04-21 13:08:37.243  INFO 12648 --- [restartedMain] com.skoti.learning.SbLoggingApplication  : Starting SbLoggingApplication using Java 1.8.0_291 on LAPTOP-QRMFEKSG with PID 12648 (S:\sk_workspace\2024_learning\2024\SpringBoot\SB_Logging\target\classes started by VedAryan in S:\sk_workspace\2024_learning\2024\SpringBoot\SB_Logging)
2024-04-21 13:08:37.245  INFO 12648 --- [restartedMain] com.skoti.learning.SbLoggingApplication  : The following 1 profile is active: "default"
2024-04-21 13:08:37.290  INFO 12648 --- [restartedMain] .e.DevToolsPropertyDefaultsPostProcessor : Devtools property defaults active! Set 'spring.devtools.add-properties' to 'false' to disable
2024-04-21 13:08:37.291  INFO 12648 --- [restartedMain] .e.DevToolsPropertyDefaultsPostProcessor : For additional web related logging consider setting the 'logging.level.web' property to 'DEBUG'
2024-04-21 13:08:38.355  INFO 12648 --- [restartedMain] o.s.b.w.embedded.tomcat.TomcatWebServer  : Tomcat initialized with port(s): 8080 (http)
2024-04-21 13:08:38.368  INFO 12648 --- [restartedMain] o.apache.catalina.core.StandardService   : Starting service [Tomcat]
2024-04-21 13:08:38.368  INFO 12648 --- [restartedMain] org.apache.catalina.core.StandardEngine  : Starting Servlet engine: [Apache Tomcat/9.0.64]
2024-04-21 13:08:38.421  INFO 12648 --- [restartedMain] o.a.c.c.C.[Tomcat].[localhost].[/]       : Initializing Spring embedded WebApplicationContext
2024-04-21 13:08:38.421  INFO 12648 --- [restartedMain] w.s.c.ServletWebServerApplicationContext : Root WebApplicationContext: initialization completed in 1130 ms
2024-04-21 13:08:38.732  INFO 12648 --- [restartedMain] o.s.b.d.a.OptionalLiveReloadServer       : LiveReload server is running on port 35729
2024-04-21 13:08:38.761  INFO 12648 --- [restartedMain] o.s.b.w.embedded.tomcat.TomcatWebServer  : Tomcat started on port(s): 8080 (http) with context path ''
2024-04-21 13:08:38.771  INFO 12648 --- [restartedMain] com.skoti.learning.SbLoggingApplication  : Started SbLoggingApplication in 1.889 seconds (JVM running for 2.263)
2024-04-21 13:08:49.721  INFO 8560 --- [restartedMain] com.skoti.learning.SbLoggingApplication  : Starting SbLoggingApplication using Java 1.8.0_291 on LAPTOP-QRMFEKSG with PID 8560 (S:\sk_workspace\2024_learning\2024\SpringBoot\SB_Logging\target\classes started by VedAryan in S:\sk_workspace\2024_learning\2024\SpringBoot\SB_Logging)
2024-04-21 13:08:49.723  INFO 8560 --- [restartedMain] com.skoti.learning.SbLoggingApplication  : The following 1 profile is active: "default"
2024-04-21 13:08:49.764  INFO 8560 --- [restartedMain] .e.DevToolsPropertyDefaultsPostProcessor : Devtools property defaults active! Set 'spring.devtools.add-properties' to 'false' to disable
2024-04-21 13:08:49.764  INFO 8560 --- [restartedMain] .e.DevToolsPropertyDefaultsPostProcessor : For additional web related logging consider setting the 'logging.level.web' property to 'DEBUG'
2024-04-21 13:08:50.831  INFO 8560 --- [restartedMain] o.s.b.w.embedded.tomcat.TomcatWebServer  : Tomcat initialized with port(s): 8080 (http)
2024-04-21 13:08:50.840  INFO 8560 --- [restartedMain] o.apache.catalina.core.StandardService   : Starting service [Tomcat]
2024-04-21 13:08:50.841  INFO 8560 --- [restartedMain] org.apache.catalina.core.StandardEngine  : Starting Servlet engine: [Apache Tomcat/9.0.64]
2024-04-21 13:08:50.902  INFO 8560 --- [restartedMain] o.a.c.c.C.[Tomcat].[localhost].[/]       : Initializing Spring embedded WebApplicationContext
2024-04-21 13:08:50.902  INFO 8560 --- [restartedMain] w.s.c.ServletWebServerApplicationContext : Root WebApplicationContext: initialization completed in 1138 ms
2024-04-21 13:08:51.212  INFO 8560 --- [restartedMain] o.s.b.d.a.OptionalLiveReloadServer       : LiveReload server is running on port 35729
2024-04-21 13:08:51.237  INFO 8560 --- [restartedMain] o.s.b.w.embedded.tomcat.TomcatWebServer  : Tomcat started on port(s): 8080 (http) with context path ''
2024-04-21 13:08:51.245  INFO 8560 --- [restartedMain] com.skoti.learning.SbLoggingApplication  : Started SbLoggingApplication in 1.895 seconds (JVM running for 2.286)
2024-04-21 13:11:04.162  INFO 7932 --- [restartedMain] com.skoti.learning.SbLoggingApplication  : Starting SbLoggingApplication using Java 1.8.0_291 on LAPTOP-QRMFEKSG with PID 7932 (S:\sk_workspace\2024_learning\2024\SpringBoot\SB_Logging\target\classes started by VedAryan in S:\sk_workspace\2024_learning\2024\SpringBoot\SB_Logging)
2024-04-21 13:11:04.164  INFO 7932 --- [restartedMain] com.skoti.learning.SbLoggingApplication  : The following 1 profile is active: "default"
2024-04-21 13:11:04.211  INFO 7932 --- [restartedMain] .e.DevToolsPropertyDefaultsPostProcessor : Devtools property defaults active! Set 'spring.devtools.add-properties' to 'false' to disable
2024-04-21 13:11:04.211  INFO 7932 --- [restartedMain] .e.DevToolsPropertyDefaultsPostProcessor : For additional web related logging consider setting the 'logging.level.web' property to 'DEBUG'
2024-04-21 13:11:05.313  INFO 7932 --- [restartedMain] o.s.b.w.embedded.tomcat.TomcatWebServer  : Tomcat initialized with port(s): 8080 (http)
2024-04-21 13:11:05.322  INFO 7932 --- [restartedMain] o.apache.catalina.core.StandardService   : Starting service [Tomcat]
2024-04-21 13:11:05.322  INFO 7932 --- [restartedMain] org.apache.catalina.core.StandardEngine  : Starting Servlet engine: [Apache Tomcat/9.0.64]
2024-04-21 13:11:05.375  INFO 7932 --- [restartedMain] o.a.c.c.C.[Tomcat].[localhost].[/]       : Initializing Spring embedded WebApplicationContext
2024-04-21 13:11:05.376  INFO 7932 --- [restartedMain] w.s.c.ServletWebServerApplicationContext : Root WebApplicationContext: initialization completed in 1164 ms
2024-04-21 13:11:05.680  INFO 7932 --- [restartedMain] o.s.b.d.a.OptionalLiveReloadServer       : LiveReload server is running on port 35729
2024-04-21 13:11:05.703  INFO 7932 --- [restartedMain] o.s.b.w.embedded.tomcat.TomcatWebServer  : Tomcat started on port(s): 8080 (http) with context path ''
2024-04-21 13:11:05.712  INFO 7932 --- [restartedMain] com.skoti.learning.SbLoggingApplication  : Started SbLoggingApplication in 1.89 seconds (JVM running for 2.245)
